<?xml version="1.0" encoding="UTF-8"?>
<!-- Generated by org.testng.reporters.JUnitReportReporter -->
<testsuite skipped="0" hostname="Roma-LPWin10" name="YouLendProject.TestRunner" tests="1" failures="0" timestamp="17 Feb 2020 02:15:09 GMT" time="55.950" errors="0">
  <testcase name="feature" time="55.950" classname="YouLendProject.TestRunner"/>
</testsuite> <!-- YouLendProject.TestRunner -->
